2024-07-19 18:00:41,976 INFO o.a.j.u.JMeterUtils: Setting Locale to en_EN
2024-07-19 18:00:41,998 INFO o.a.j.JMeter: Loading user properties from: user.properties
2024-07-19 18:00:41,999 INFO o.a.j.JMeter: Loading system properties from: system.properties
2024-07-19 18:00:42,009 INFO o.a.j.JMeter: Copyright (c) 1998-2024 The Apache Software Foundation
2024-07-19 18:00:42,009 INFO o.a.j.JMeter: Version 5.6.3
2024-07-19 18:00:42,010 INFO o.a.j.JMeter: java.version=21.0.3
2024-07-19 18:00:42,010 INFO o.a.j.JMeter: java.vm.name=Java HotSpot(TM) 64-Bit Server VM
2024-07-19 18:00:42,010 INFO o.a.j.JMeter: os.name=Windows 11
2024-07-19 18:00:42,010 INFO o.a.j.JMeter: os.arch=amd64
2024-07-19 18:00:42,010 INFO o.a.j.JMeter: os.version=10.0
2024-07-19 18:00:42,010 INFO o.a.j.JMeter: file.encoding=UTF-8
2024-07-19 18:00:42,010 INFO o.a.j.JMeter: java.awt.headless=true
2024-07-19 18:00:42,010 INFO o.a.j.JMeter: Max memory     =1073741824
2024-07-19 18:00:42,010 INFO o.a.j.JMeter: Available Processors =8
2024-07-19 18:00:42,022 INFO o.a.j.JMeter: Default Locale=English (EN)
2024-07-19 18:00:42,023 INFO o.a.j.JMeter: JMeter  Locale=English (EN)
2024-07-19 18:00:42,023 INFO o.a.j.JMeter: JMeterHome=C:\Users\amitd\OneDrive\Desktop\apache-jmeter-5.6.3\apache-jmeter-5.6.3
2024-07-19 18:00:42,024 INFO o.a.j.JMeter: user.dir  =C:\Users\amitd\OneDrive\Desktop\apache-jmeter-5.6.3\apache-jmeter-5.6.3\bin
2024-07-19 18:00:42,024 INFO o.a.j.JMeter: PWD       =C:\Users\amitd\OneDrive\Desktop\apache-jmeter-5.6.3\apache-jmeter-5.6.3\bin
2024-07-19 18:00:42,025 INFO o.a.j.JMeter: IP: 192.168.53.78 Name: AmithDas FullName: AmithDas
2024-07-19 18:00:42,037 INFO o.a.j.s.FileServer: Default base='C:\Users\amitd\OneDrive\Desktop\apache-jmeter-5.6.3\apache-jmeter-5.6.3\bin'
2024-07-19 18:00:42,039 INFO o.a.j.s.FileServer: Set new base='C:\Users\amitd\OneDrive\Desktop\apache-jmeter-5.6.3\apache-jmeter-5.6.3\bin'
2024-07-19 18:00:42,233 INFO o.a.j.s.SaveService: Testplan (JMX) version: 2.2. Testlog (JTL) version: 2.2
2024-07-19 18:00:42,261 INFO o.a.j.s.SaveService: Using SaveService properties version 5.0
2024-07-19 18:00:42,263 INFO o.a.j.s.SaveService: Using SaveService properties file encoding UTF-8
2024-07-19 18:00:42,266 INFO o.a.j.s.SaveService: Loading file: 19july.jmx
2024-07-19 18:00:42,339 INFO o.a.j.JMeter: Creating summariser <summary>
2024-07-19 18:00:42,351 INFO o.a.j.e.StandardJMeterEngine: Running the test!
2024-07-19 18:00:42,352 INFO o.a.j.s.SampleEvent: List of sample_variables: []
2024-07-19 18:00:42,352 INFO o.a.j.s.SampleEvent: List of sample_variables: []
2024-07-19 18:00:42,358 INFO o.a.j.e.u.CompoundVariable: Note: Function class names must contain the string: '.functions.'
2024-07-19 18:00:42,358 INFO o.a.j.e.u.CompoundVariable: Note: Function class names must not contain the string: '.gui.'
2024-07-19 18:00:42,412 INFO o.a.j.r.ClassFinder: Will scan jar C:\Users\amitd\OneDrive\Desktop\apache-jmeter-5.6.3\apache-jmeter-5.6.3\lib\ext\jmeter-parallel-0.12.jar with filter ExtendsClassFilter [parents=[interface org.apache.jmeter.functions.Function], inner=false, contains=null, notContains=null]. Consider exposing JMeter plugins via META-INF/services, and add JMeter-Skip-Class-Scanning=true manifest attribute so JMeter can skip classfile scanning
2024-07-19 18:00:42,420 INFO o.a.j.r.ClassFinder: Will scan jar C:\Users\amitd\OneDrive\Desktop\apache-jmeter-5.6.3\apache-jmeter-5.6.3\lib\ext\jmeter-plugins-mergeresults-2.1.jar with filter ExtendsClassFilter [parents=[interface org.apache.jmeter.functions.Function], inner=false, contains=null, notContains=null]. Consider exposing JMeter plugins via META-INF/services, and add JMeter-Skip-Class-Scanning=true manifest attribute so JMeter can skip classfile scanning
2024-07-19 18:00:42,427 INFO o.a.j.r.ClassFinder: Will scan jar C:\Users\amitd\OneDrive\Desktop\apache-jmeter-5.6.3\apache-jmeter-5.6.3\lib\ext\jmeter-plugins-functions-2.2.jar with filter ExtendsClassFilter [parents=[interface org.apache.jmeter.functions.Function], inner=false, contains=null, notContains=null]. Consider exposing JMeter plugins via META-INF/services, and add JMeter-Skip-Class-Scanning=true manifest attribute so JMeter can skip classfile scanning
2024-07-19 18:00:42,430 INFO o.a.j.r.ClassFinder: Will scan jar C:\Users\amitd\OneDrive\Desktop\apache-jmeter-5.6.3\apache-jmeter-5.6.3\lib\ext\jmeter-plugins-manager-1.10.jar with filter ExtendsClassFilter [parents=[interface org.apache.jmeter.functions.Function], inner=false, contains=null, notContains=null]. Consider exposing JMeter plugins via META-INF/services, and add JMeter-Skip-Class-Scanning=true manifest attribute so JMeter can skip classfile scanning
2024-07-19 18:00:42,594 INFO o.a.j.r.ClassFinder: Will scan jar C:\Users\amitd\OneDrive\Desktop\apache-jmeter-5.6.3\apache-jmeter-5.6.3\lib\ext\jmeter-plugins-dummy-0.4.jar with filter ExtendsClassFilter [parents=[interface org.apache.jmeter.functions.Function], inner=false, contains=null, notContains=null]. Consider exposing JMeter plugins via META-INF/services, and add JMeter-Skip-Class-Scanning=true manifest attribute so JMeter can skip classfile scanning
2024-07-19 18:00:42,597 INFO o.a.j.r.ClassFinder: Will scan jar C:\Users\amitd\OneDrive\Desktop\apache-jmeter-5.6.3\apache-jmeter-5.6.3\lib\ext\jmeter-plugins-manager-1.10 (1).jar with filter ExtendsClassFilter [parents=[interface org.apache.jmeter.functions.Function], inner=false, contains=null, notContains=null]. Consider exposing JMeter plugins via META-INF/services, and add JMeter-Skip-Class-Scanning=true manifest attribute so JMeter can skip classfile scanning
2024-07-19 18:00:42,599 INFO o.a.j.r.ClassFinder: Will scan jar C:\Users\amitd\OneDrive\Desktop\apache-jmeter-5.6.3\apache-jmeter-5.6.3\lib\ext\jmeter-plugins-perfmon-2.1.jar with filter ExtendsClassFilter [parents=[interface org.apache.jmeter.functions.Function], inner=false, contains=null, notContains=null]. Consider exposing JMeter plugins via META-INF/services, and add JMeter-Skip-Class-Scanning=true manifest attribute so JMeter can skip classfile scanning
2024-07-19 18:00:42,620 INFO o.a.j.JMeter: Running test (1721392242620)
2024-07-19 18:00:42,637 INFO o.a.j.e.StandardJMeterEngine: Starting ThreadGroup: 1 : Thread Group
2024-07-19 18:00:42,637 INFO o.a.j.e.StandardJMeterEngine: Starting 1 threads for group Thread Group.
2024-07-19 18:00:42,638 INFO o.a.j.e.StandardJMeterEngine: Thread will continue on error
2024-07-19 18:00:42,639 INFO o.a.j.t.ThreadGroup: Starting thread group... number=1 threads=1 ramp-up=1 delayedStart=false
2024-07-19 18:00:42,645 INFO o.a.j.t.ThreadGroup: Started thread group number 1
2024-07-19 18:00:42,645 INFO o.a.j.e.StandardJMeterEngine: All thread groups have been started
2024-07-19 18:00:42,647 INFO o.a.j.t.JMeterThread: Thread started: Thread Group 1-1
2024-07-19 18:00:42,651 INFO o.a.j.s.SampleResult: Note: Sample TimeStamps are START times
2024-07-19 18:00:42,651 INFO o.a.j.s.SampleResult: sampleresult.default.encoding is set to UTF-8
2024-07-19 18:00:42,651 INFO o.a.j.s.SampleResult: sampleresult.useNanoTime=true
2024-07-19 18:00:42,651 INFO o.a.j.s.SampleResult: sampleresult.nanoThreadSleep=5000
2024-07-19 18:01:00,176 INFO o.a.j.r.Summariser: summary +     59 in 00:00:18 =    3.4/s Avg:   289 Min:    53 Max:   494 Err:     0 (0.00%) Active: 1 Started: 1 Finished: 0
2024-07-19 18:01:30,211 INFO o.a.j.r.Summariser: summary +    110 in 00:00:30 =    3.7/s Avg:   269 Min:    60 Max:   509 Err:     0 (0.00%) Active: 1 Started: 1 Finished: 0
2024-07-19 18:01:30,212 INFO o.a.j.r.Summariser: summary =    169 in 00:00:48 =    3.6/s Avg:   276 Min:    53 Max:   509 Err:     0 (0.00%)
2024-07-19 18:02:00,223 INFO o.a.j.r.Summariser: summary +    101 in 00:00:30 =    3.4/s Avg:   294 Min:    53 Max:   494 Err:     0 (0.00%) Active: 1 Started: 1 Finished: 0
2024-07-19 18:02:00,224 INFO o.a.j.r.Summariser: summary =    270 in 00:01:18 =    3.5/s Avg:   283 Min:    53 Max:   509 Err:     0 (0.00%)
2024-07-19 18:02:30,043 INFO o.a.j.r.Summariser: summary +    108 in 00:00:30 =    3.6/s Avg:   273 Min:    61 Max:   504 Err:     0 (0.00%) Active: 1 Started: 1 Finished: 0
2024-07-19 18:02:30,044 INFO o.a.j.r.Summariser: summary =    378 in 00:01:47 =    3.5/s Avg:   280 Min:    53 Max:   509 Err:     0 (0.00%)
2024-07-19 18:02:42,840 INFO o.a.j.t.JMeterThread: Stopping because end time detected by thread: Thread Group 1-1
2024-07-19 18:02:42,840 INFO o.a.j.t.JMeterThread: Thread finished: Thread Group 1-1
2024-07-19 18:02:42,841 INFO o.a.j.e.StandardJMeterEngine: Notifying test listeners of end of test
2024-07-19 18:02:42,843 INFO o.a.j.r.Summariser: summary +     49 in 00:00:13 =    3.8/s Avg:   257 Min:    59 Max:   513 Err:     0 (0.00%) Active: 0 Started: 1 Finished: 1
2024-07-19 18:02:42,844 INFO o.a.j.r.Summariser: summary =    427 in 00:02:00 =    3.6/s Avg:   278 Min:    53 Max:   513 Err:     0 (0.00%)
